{"logTime": "0428/231201", "correlationVector":"f/afdW61dNCv96yXMlOr6E.67","action":"GetUpdates", "result":"DeleteReceived", "context":{"id":"30db474c-dc3d-419b-88a4-1750c76446eb", "isDeleted:":"true", "version":"1713154796134"}}
{"logTime": "0428/231201", "correlationVector":"f/afdW61dNCv96yXMlOr6E.68","action":"GetUpdates", "result":"DeleteReceived", "context":{"id":"a5da3792-399c-42a5-b090-9df724f4c3aa", "isDeleted:":"true", "version":"1713154796135"}}
{"logTime": "0428/231201", "correlationVector":"f/afdW61dNCv96yXMlOr6E.69","action":"GetUpdates", "result":"DeleteReceived", "context":{"id":"2a7a112a-5cd8-45b7-9692-efe4b124569f", "isDeleted:":"true", "version":"1713154796136"}}
{"logTime": "0428/231201", "correlationVector":"f/afdW61dNCv96yXMlOr6E.70","action":"GetUpdates", "result":"DeleteReceived", "context":{"id":"f507c187-e7de-4457-b1e0-25d99ea8d25e", "isDeleted:":"true", "version":"1713154796137"}}
{"logTime": "0428/231201", "correlationVector":"f/afdW61dNCv96yXMlOr6E.71","action":"GetUpdates", "result":"DeleteReceived", "context":{"id":"d32b97c8-c762-4507-a5b7-7447993104df", "isDeleted:":"true", "version":"1713154796139"}}
{"logTime": "0428/231201", "correlationVector":"f/afdW61dNCv96yXMlOr6E.72","action":"GetUpdates", "result":"DeleteReceived", "context":{"id":"2f73cea2-c8d9-43d6-8a3e-b8d84d174272", "isDeleted:":"true", "version":"1713154796140"}}
{"logTime": "0428/231201", "correlationVector":"f/afdW61dNCv96yXMlOr6E.73","action":"GetUpdates", "result":"DeleteReceived", "context":{"id":"dd04b2eb-fa5c-42b4-b5cd-bf35bdc1770c", "isDeleted:":"true", "version":"1713154796141"}}
{"logTime": "0428/231201", "correlationVector":"f/afdW61dNCv96yXMlOr6E.74","action":"GetUpdates", "result":"DeleteReceived", "context":{"id":"53c1eeed-4877-437c-986d-91f41cb57848", "isDeleted:":"true", "version":"1713154796142"}}
{"logTime": "0428/231201", "correlationVector":"f/afdW61dNCv96yXMlOr6E.75","action":"GetUpdates", "result":"DeleteReceived", "context":{"id":"0534c727-9ce1-4342-b232-9c7aad3d2509", "isDeleted:":"true", "version":"1713154796143"}}
{"logTime": "0428/231201", "correlationVector":"f/afdW61dNCv96yXMlOr6E.76","action":"GetUpdates", "result":"DeleteReceived", "context":{"id":"adce42ae-6a4a-42c4-af2a-b1958679a69c", "isDeleted:":"true", "version":"1713154796144"}}
{"logTime": "0428/231201", "correlationVector":"f/afdW61dNCv96yXMlOr6E.77","action":"GetUpdates", "result":"DeleteReceived", "context":{"id":"660d41f6-ca2b-4c77-ac37-7bd7c3c4ef2e", "isDeleted:":"true", "version":"1713154796145"}}
{"logTime": "0428/231201", "correlationVector":"f/afdW61dNCv96yXMlOr6E.78","action":"GetUpdates", "result":"DeleteReceived", "context":{"id":"fcf3dad0-cb42-4953-ade7-0e507fb3b7f1", "isDeleted:":"true", "version":"1713154796146"}}
{"logTime": "0428/231201", "correlationVector":"f/afdW61dNCv96yXMlOr6E.79","action":"GetUpdates", "result":"DeleteReceived", "context":{"id":"fa118ccf-5907-4460-812f-7fca6841dc3d", "isDeleted:":"true", "version":"1713373671615"}}
{"logTime": "0428/231201", "correlationVector":"f/afdW61dNCv96yXMlOr6E.80","action":"GetUpdates", "result":"DeleteReceived", "context":{"id":"fc7aa075-5e72-4da5-8739-48dfca93a99a", "isDeleted:":"true", "version":"1713379529558"}}
{"logTime": "0428/231201", "correlationVector":"f/afdW61dNCv96yXMlOr6E.81","action":"GetUpdates", "result":"DeleteReceived", "context":{"id":"599b7491-5d26-4348-823e-6a1e8ec3efcb", "isDeleted:":"true", "version":"1713381453831"}}
{"logTime": "0428/231201", "correlationVector":"f/afdW61dNCv96yXMlOr6E.82","action":"GetUpdates", "result":"DeleteReceived", "context":{"id":"15b7a31e-b527-4cc3-9fa6-8a48fb98fb6c", "isDeleted:":"true", "version":"1713408193300"}}
{"logTime": "0428/231201", "correlationVector":"f/afdW61dNCv96yXMlOr6E.83","action":"GetUpdates", "result":"DeleteReceived", "context":{"id":"af18ce5c-2009-4ef6-a313-87ce2e9b19db", "isDeleted:":"true", "version":"1713408193301"}}
{"logTime": "0428/231201", "correlationVector":"f/afdW61dNCv96yXMlOr6E.84","action":"GetUpdates", "result":"DeleteReceived", "context":{"id":"85901d96-4ee2-4537-916b-79ed2a7c77dc", "isDeleted:":"true", "version":"1713408193303"}}
{"logTime": "0428/231201", "correlationVector":"f/afdW61dNCv96yXMlOr6E.85","action":"GetUpdates", "result":"DeleteReceived", "context":{"id":"17cc65b9-4b3b-4b8c-82f3-93d7f1b94036", "isDeleted:":"true", "version":"1713408193304"}}
{"logTime": "0428/231201", "correlationVector":"f/afdW61dNCv96yXMlOr6E.86","action":"GetUpdates", "result":"DeleteReceived", "context":{"id":"33fb475c-934b-41bd-86fe-1216676f390d", "isDeleted:":"true", "version":"1713408193305"}}
{"logTime": "0428/231201", "correlationVector":"f/afdW61dNCv96yXMlOr6E.87","action":"GetUpdates", "result":"DeleteReceived", "context":{"id":"a0ba5f2a-f308-4f39-a92d-fbe65fe3cc83", "isDeleted:":"true", "version":"1713408394367"}}
{"logTime": "0428/231201", "correlationVector":"f/afdW61dNCv96yXMlOr6E.88","action":"GetUpdates", "result":"DeleteReceived", "context":{"id":"33640b46-84c3-46e7-aedf-c5933cd8f5ab", "isDeleted:":"true", "version":"1713409425103"}}
{"logTime": "0428/231201", "correlationVector":"f/afdW61dNCv96yXMlOr6E.89","action":"GetUpdates", "result":"DeleteReceived", "context":{"id":"76c006fe-225b-428e-8ade-51d49f11c8de", "isDeleted:":"true", "version":"1713439853844"}}
{"logTime": "0428/231201", "correlationVector":"f/afdW61dNCv96yXMlOr6E.90","action":"GetUpdates", "result":"DeleteReceived", "context":{"id":"b7e1f331-c7b4-4f79-be9b-ccaa3300b667", "isDeleted:":"true", "version":"1713440274658"}}
{"logTime": "0428/231201", "correlationVector":"f/afdW61dNCv96yXMlOr6E.91","action":"GetUpdates", "result":"DeleteReceived", "context":{"id":"4cff9bd2-1853-45b9-bc09-7c87d626d0a8", "isDeleted:":"true", "version":"1713440274661"}}
{"logTime": "0428/231201", "correlationVector":"f/afdW61dNCv96yXMlOr6E.92","action":"GetUpdates", "result":"DeleteReceived", "context":{"id":"553bbf51-d511-4c9e-83f6-a999cb766dff", "isDeleted:":"true", "version":"1713440317558"}}
{"logTime": "0428/231201", "correlationVector":"f/afdW61dNCv96yXMlOr6E.93","action":"GetUpdates Response", "result":"Success", "context":Received 250 update(s). cV=f/afdW61dNCv96yXMlOr6E.0;server=GENERAL01000023;cloudType=Consumer;environment=Prod_EastUS2_000e;migrationStage=NotStarted Some updates remain.}
{"logTime": "0428/231201", "correlationVector":"yVyZkWCY66URc030p0oXPt","action":"Initial GetUpdates", "result":"", "context":Reason: RECONFIGURATION. cV=yVyZkWCY66URc030p0oXPt}
{"logTime": "0428/231202", "correlationVector":"yVyZkWCY66URc030p0oXPt.1","action":"SyncServerConnectionManagerRequest", "result":"SYNC_SERVER_OK", "context":{"environment":"Prod_EastUS2_000e", "migrationStage":"NotStarted", "server":"GENERAL01000026"}}
{"logTime": "0428/231202", "correlationVector":"yVyZkWCY66URc030p0oXPt.2","action":"GetUpdates", "result":"DeleteReceived", "context":{"id":"459afe60-072c-4bc0-9fe8-c6fa8c062e53", "isDeleted:":"true", "version":"1713447422639"}}
{"logTime": "0428/231202", "correlationVector":"yVyZkWCY66URc030p0oXPt.3","action":"GetUpdates", "result":"DeleteReceived", "context":{"id":"a226f143-2a88-4cc5-b7e2-866e5a7e201d", "isDeleted:":"true", "version":"1713448433319"}}
{"logTime": "0428/231202", "correlationVector":"yVyZkWCY66URc030p0oXPt.4","action":"GetUpdates", "result":"DeleteReceived", "context":{"id":"45944639-1ecb-4a0c-9d99-6b9a13528dbe", "isDeleted:":"true", "version":"1713449414850"}}
{"logTime": "0428/231202", "correlationVector":"yVyZkWCY66URc030p0oXPt.5","action":"GetUpdates", "result":"DeleteReceived", "context":{"id":"2544ee1b-f6cb-4321-9a3a-dbac66382bc1", "isDeleted:":"true", "version":"1713449802766"}}
{"logTime": "0428/231202", "correlationVector":"yVyZkWCY66URc030p0oXPt.6","action":"GetUpdates", "result":"DeleteReceived", "context":{"id":"1bc09aa3-60a7-4882-8a48-726ac5493d9e", "isDeleted:":"true", "version":"1713450016418"}}
{"logTime": "0428/231202", "correlationVector":"yVyZkWCY66URc030p0oXPt.7","action":"GetUpdates", "result":"DeleteReceived", "context":{"id":"1e6c6776-7786-47f0-8e89-daf62bcc2a4f", "isDeleted:":"true", "version":"1713450136327"}}
{"logTime": "0428/231202", "correlationVector":"yVyZkWCY66URc030p0oXPt.8","action":"GetUpdates", "result":"DeleteReceived", "context":{"id":"2fbd5bcb-c8c0-4849-8406-2523f01f5778", "isDeleted:":"true", "version":"1713450136329"}}
{"logTime": "0428/231202", "correlationVector":"yVyZkWCY66URc030p0oXPt.9","action":"GetUpdates", "result":"DeleteReceived", "context":{"id":"fe330d9d-294c-4f97-8682-669e24b20755", "isDeleted:":"true", "version":"1713450136330"}}
{"logTime": "0428/231202", "correlationVector":"yVyZkWCY66URc030p0oXPt.10","action":"GetUpdates", "result":"DeleteReceived", "context":{"id":"92c8ac7d-7521-4064-972b-56c4b0abeeb3", "isDeleted:":"true", "version":"1713450136331"}}
{"logTime": "0428/231202", "correlationVector":"yVyZkWCY66URc030p0oXPt.11","action":"GetUpdates", "result":"DeleteReceived", "context":{"id":"889c435d-f53e-4ac7-a293-85bdb679540d", "isDeleted:":"true", "version":"1713452003576"}}
{"logTime": "0428/231202", "correlationVector":"yVyZkWCY66URc030p0oXPt.12","action":"GetUpdates", "result":"DeleteReceived", "context":{"id":"b4f2fa17-9c69-404d-995d-275f9c3a7e59", "isDeleted:":"true", "version":"1713452003579"}}
{"logTime": "0428/231202", "correlationVector":"yVyZkWCY66URc030p0oXPt.13","action":"GetUpdates", "result":"DeleteReceived", "context":{"id":"6a61458a-2512-4248-af6c-68cc4b56a3da", "isDeleted:":"true", "version":"1713499876117"}}
{"logTime": "0428/231202", "correlationVector":"yVyZkWCY66URc030p0oXPt.14","action":"GetUpdates", "result":"DeleteReceived", "context":{"id":"a903c7da-1fc9-4d39-ba91-841bf6e19e1a", "isDeleted:":"true", "version":"1713500743804"}}
{"logTime": "0428/231202", "correlationVector":"yVyZkWCY66URc030p0oXPt.15","action":"GetUpdates", "result":"DeleteReceived", "context":{"id":"fb5fa866-6214-4070-ae8b-a1c5f8e311d3", "isDeleted:":"true", "version":"1713502567955"}}
{"logTime": "0428/231202", "correlationVector":"yVyZkWCY66URc030p0oXPt.16","action":"GetUpdates", "result":"DeleteReceived", "context":{"id":"c3e09d8a-d523-4849-9366-c2e806ec1c09", "isDeleted:":"true", "version":"1713502567959"}}
{"logTime": "0428/231202", "correlationVector":"yVyZkWCY66URc030p0oXPt.17","action":"GetUpdates", "result":"DeleteReceived", "context":{"id":"b9fe7c6c-d60f-4a7e-a300-b5f187eccc0d", "isDeleted:":"true", "version":"1713502567960"}}
{"logTime": "0428/231202", "correlationVector":"yVyZkWCY66URc030p0oXPt.18","action":"GetUpdates", "result":"DeleteReceived", "context":{"id":"49d0bb07-0587-4053-833f-f93e0b6b9344", "isDeleted:":"true", "version":"1713529868490"}}
{"logTime": "0428/231202", "correlationVector":"yVyZkWCY66URc030p0oXPt.19","action":"GetUpdates", "result":"DeleteReceived", "context":{"id":"5d079d69-bbdf-4749-961f-448b6194f74c", "isDeleted:":"true", "version":"1713530167013"}}
{"logTime": "0428/231202", "correlationVector":"yVyZkWCY66URc030p0oXPt.20","action":"GetUpdates", "result":"DeleteReceived", "context":{"id":"657647a1-7d40-4cd2-b1d5-9f2d68d03667", "isDeleted:":"true", "version":"1713530167014"}}
{"logTime": "0428/231202", "correlationVector":"yVyZkWCY66URc030p0oXPt.21","action":"GetUpdates", "result":"DeleteReceived", "context":{"id":"f39a31a2-2c54-4869-b4e5-8e817971e2e4", "isDeleted:":"true", "version":"1713530167016"}}
{"logTime": "0428/231202", "correlationVector":"yVyZkWCY66URc030p0oXPt.22","action":"GetUpdates", "result":"DeleteReceived", "context":{"id":"a0cc82ce-678a-4873-b287-e557acdf88f3", "isDeleted:":"true", "version":"1713541296967"}}
{"logTime": "0428/231202", "correlationVector":"yVyZkWCY66URc030p0oXPt.23","action":"GetUpdates", "result":"DeleteReceived", "context":{"id":"67895bef-4d88-46cf-bcff-674a66ec5391", "isDeleted:":"true", "version":"1713541296968"}}
{"logTime": "0428/231202", "correlationVector":"yVyZkWCY66URc030p0oXPt.24","action":"GetUpdates", "result":"DeleteReceived", "context":{"id":"56af2b8f-5d1d-49fc-b5bd-1b6e907f74ea", "isDeleted:":"true", "version":"1713547429630"}}
{"logTime": "0428/231202", "correlationVector":"yVyZkWCY66URc030p0oXPt.25","action":"GetUpdates", "result":"DeleteReceived", "context":{"id":"3bba53bc-7743-4ff0-aaa9-eb02d98d28ae", "isDeleted:":"true", "version":"1713551294344"}}
{"logTime": "0428/231202", "correlationVector":"yVyZkWCY66URc030p0oXPt.26","action":"GetUpdates", "result":"DeleteReceived", "context":{"id":"e9e7f0a0-c2ba-476b-b955-405dda0030bc", "isDeleted:":"true", "version":"1713551376115"}}
{"logTime": "0428/231202", "correlationVector":"yVyZkWCY66URc030p0oXPt.27","action":"GetUpdates", "result":"DeleteReceived", "context":{"id":"fab591ab-734f-4149-81ce-36f2f6de22e4", "isDeleted:":"true", "version":"1713551790672"}}
{"logTime": "0428/231202", "correlationVector":"yVyZkWCY66URc030p0oXPt.28","action":"GetUpdates", "result":"DeleteReceived", "context":{"id":"bc4e4c81-2c3b-44ab-8d6d-ab3cd0a0ef75", "isDeleted:":"true", "version":"1713567839164"}}
{"logTime": "0428/231202", "correlationVector":"yVyZkWCY66URc030p0oXPt.29","action":"GetUpdates", "result":"DeleteReceived", "context":{"id":"26702f15-e721-4921-9bbc-2e22c297a1bc", "isDeleted:":"true", "version":"1713567839165"}}
{"logTime": "0428/231202", "correlationVector":"yVyZkWCY66URc030p0oXPt.30","action":"GetUpdates", "result":"DeleteReceived", "context":{"id":"3f1e2c84-1a95-4c49-b76a-9401e8ab82d9", "isDeleted:":"true", "version":"1713567839166"}}
{"logTime": "0428/231202", "correlationVector":"yVyZkWCY66URc030p0oXPt.31","action":"GetUpdates", "result":"DeleteReceived", "context":{"id":"7fec9255-a2e8-457b-b211-4d5d3382b420", "isDeleted:":"true", "version":"1713570151956"}}
{"logTime": "0428/231202", "correlationVector":"yVyZkWCY66URc030p0oXPt.32","action":"GetUpdates", "result":"DeleteReceived", "context":{"id":"2507a87c-0388-4418-b20e-e6c5933567fd", "isDeleted:":"true", "version":"1713575444105"}}
{"logTime": "0428/231202", "correlationVector":"yVyZkWCY66URc030p0oXPt.33","action":"GetUpdates", "result":"DeleteReceived", "context":{"id":"5b51a35f-de1f-4c06-9369-8a826fd4ed69", "isDeleted:":"true", "version":"1713578213155"}}
{"logTime": "0428/231202", "correlationVector":"yVyZkWCY66URc030p0oXPt.34","action":"GetUpdates", "result":"DeleteReceived", "context":{"id":"56e42066-e95d-4639-8fb1-ccb0f50a0652", "isDeleted:":"true", "version":"1713578213157"}}
{"logTime": "0428/231202", "correlationVector":"yVyZkWCY66URc030p0oXPt.35","action":"GetUpdates", "result":"DeleteReceived", "context":{"id":"004a47b1-397b-4984-a0dd-11295a357fc4", "isDeleted:":"true", "version":"1713663256929"}}
{"logTime": "0428/231202", "correlationVector":"yVyZkWCY66URc030p0oXPt.36","action":"GetUpdates", "result":"DeleteReceived", "context":{"id":"d68ca4ce-57dd-4ca0-8c6e-b2135bd87809", "isDeleted:":"true", "version":"1713663256931"}}
{"logTime": "0428/231202", "correlationVector":"yVyZkWCY66URc030p0oXPt.37","action":"GetUpdates", "result":"DeleteReceived", "context":{"id":"ca2e6d85-87ff-46a9-b2e9-96d492e97ee1", "isDeleted:":"true", "version":"1713663256932"}}
{"logTime": "0428/231202", "correlationVector":"yVyZkWCY66URc030p0oXPt.38","action":"GetUpdates", "result":"DeleteReceived", "context":{"id":"780f2a1b-d9e4-4070-91c3-589798cc0487", "isDeleted:":"true", "version":"1713663256933"}}
{"logTime": "0428/231202", "correlationVector":"yVyZkWCY66URc030p0oXPt.39","action":"GetUpdates", "result":"DeleteReceived", "context":{"id":"76085210-c23a-44f2-bbbb-843131d5f813", "isDeleted:":"true", "version":"1713663256934"}}
{"logTime": "0428/231202", "correlationVector":"yVyZkWCY66URc030p0oXPt.40","action":"GetUpdates", "result":"DeleteReceived", "context":{"id":"cd4f5665-7c04-45dd-89f2-531749a60d98", "isDeleted:":"true", "version":"1713663256935"}}
{"logTime": "0428/231202", "correlationVector":"yVyZkWCY66URc030p0oXPt.41","action":"GetUpdates", "result":"DeleteReceived", "context":{"id":"36287f1a-b480-4db4-aea7-b1c87c70d84f", "isDeleted:":"true", "version":"1713663256936"}}
{"logTime": "0428/231202", "correlationVector":"yVyZkWCY66URc030p0oXPt.42","action":"GetUpdates", "result":"DeleteReceived", "context":{"id":"fa450d4d-6fc6-4932-b46a-6683df18adad", "isDeleted:":"true", "version":"1713663271749"}}
{"logTime": "0428/231202", "correlationVector":"yVyZkWCY66URc030p0oXPt.43","action":"GetUpdates", "result":"DeleteReceived", "context":{"id":"b7b013a7-9449-4e5e-8d03-b04ccea3f7b7", "isDeleted:":"true", "version":"1713663271751"}}
{"logTime": "0428/231202", "correlationVector":"yVyZkWCY66URc030p0oXPt.44","action":"GetUpdates", "result":"DeleteReceived", "context":{"id":"723977be-ef8b-4e27-8ead-7adbb188ce71", "isDeleted:":"true", "version":"1713672535228"}}
{"logTime": "0428/231202", "correlationVector":"yVyZkWCY66URc030p0oXPt.45","action":"GetUpdates", "result":"DeleteReceived", "context":{"id":"d4e210b0-b917-469b-904e-f3e9c9e0f5d9", "isDeleted:":"true", "version":"1713676261543"}}
{"logTime": "0428/231202", "correlationVector":"yVyZkWCY66URc030p0oXPt.46","action":"GetUpdates", "result":"DeleteReceived", "context":{"id":"152232fa-c3eb-4dab-ad1f-a9d3e7077a29", "isDeleted:":"true", "version":"1713677651965"}}
{"logTime": "0428/231202", "correlationVector":"yVyZkWCY66URc030p0oXPt.47","action":"GetUpdates", "result":"DeleteReceived", "context":{"id":"bdca4eef-0963-4ec0-8e37-c9ede40c4223", "isDeleted:":"true", "version":"1713678880512"}}
{"logTime": "0428/231202", "correlationVector":"yVyZkWCY66URc030p0oXPt.48","action":"GetUpdates", "result":"DeleteReceived", "context":{"id":"ac600a08-5fbb-47f4-b528-b76c5b356fd1", "isDeleted:":"true", "version":"1713679999348"}}
{"logTime": "0428/231202", "correlationVector":"yVyZkWCY66URc030p0oXPt.49","action":"GetUpdates", "result":"DeleteReceived", "context":{"id":"3f50bcac-a34f-4ff5-b1a6-ad714ae404a3", "isDeleted:":"true", "version":"1713683467827"}}
{"logTime": "0428/231202", "correlationVector":"yVyZkWCY66URc030p0oXPt.50","action":"GetUpdates", "result":"DeleteReceived", "context":{"id":"b1c54a56-989a-4094-9d17-90ca049c5fab", "isDeleted:":"true", "version":"1713710520289"}}
{"logTime": "0428/231202", "correlationVector":"yVyZkWCY66URc030p0oXPt.51","action":"GetUpdates", "result":"DeleteReceived", "context":{"id":"641b980e-1d2c-41fa-9357-887f3d68e99c", "isDeleted:":"true", "version":"1713710520291"}}
{"logTime": "0428/231202", "correlationVector":"yVyZkWCY66URc030p0oXPt.52","action":"GetUpdates", "result":"DeleteReceived", "context":{"id":"f8208f69-5163-4b9e-859c-7c626109558d", "isDeleted:":"true", "version":"1713732384704"}}
{"logTime": "0428/231202", "correlationVector":"yVyZkWCY66URc030p0oXPt.53","action":"GetUpdates", "result":"DeleteReceived", "context":{"id":"0b6185ab-a10e-4ac4-b705-23af04cc229a", "isDeleted:":"true", "version":"1713732384706"}}
{"logTime": "0428/231202", "correlationVector":"yVyZkWCY66URc030p0oXPt.54","action":"GetUpdates", "result":"DeleteReceived", "context":{"id":"278ee284-8b57-4750-9b60-490230f90478", "isDeleted:":"true", "version":"1713732384709"}}
{"logTime": "0428/231202", "correlationVector":"yVyZkWCY66URc030p0oXPt.55","action":"GetUpdates", "result":"DeleteReceived", "context":{"id":"4bd0f911-be35-4f23-b269-1edf62a864c3", "isDeleted:":"true", "version":"1713732384710"}}
{"logTime": "0428/231202", "correlationVector":"yVyZkWCY66URc030p0oXPt.56","action":"GetUpdates", "result":"DeleteReceived", "context":{"id":"6ee0de4a-1f45-44fd-8a6c-577d7ab996ff", "isDeleted:":"true", "version":"1713734312519"}}
{"logTime": "0428/231202", "correlationVector":"yVyZkWCY66URc030p0oXPt.57","action":"GetUpdates", "result":"DeleteReceived", "context":{"id":"b78a7861-6ee6-4a4e-a9b4-6693cf669ed5", "isDeleted:":"true", "version":"1713870863674"}}
{"logTime": "0428/231202", "correlationVector":"yVyZkWCY66URc030p0oXPt.58","action":"GetUpdates", "result":"DeleteReceived", "context":{"id":"3382310d-b775-4c20-8bb9-f71dbc830683", "isDeleted:":"true", "version":"1713870863675"}}
{"logTime": "0428/231202", "correlationVector":"yVyZkWCY66URc030p0oXPt.59","action":"GetUpdates", "result":"DeleteReceived", "context":{"id":"bc8d84e4-ce39-4dd6-b306-220b4113ef3e", "isDeleted:":"true", "version":"1713875069414"}}
{"logTime": "0428/231202", "correlationVector":"yVyZkWCY66URc030p0oXPt.60","action":"GetUpdates", "result":"DeleteReceived", "context":{"id":"119336b5-1db8-4635-81d5-027bc0f0d97b", "isDeleted:":"true", "version":"1713875069415"}}
{"logTime": "0428/231202", "correlationVector":"yVyZkWCY66URc030p0oXPt.61","action":"GetUpdates", "result":"DeleteReceived", "context":{"id":"1385f12c-118c-4563-b390-f623703e20d2", "isDeleted:":"true", "version":"1713879549130"}}
{"logTime": "0428/231202", "correlationVector":"yVyZkWCY66URc030p0oXPt.62","action":"GetUpdates", "result":"DeleteReceived", "context":{"id":"e8b6a4e3-3472-4799-8581-d4d4ad1f6c24", "isDeleted:":"true", "version":"1713986638038"}}
{"logTime": "0428/231202", "correlationVector":"yVyZkWCY66URc030p0oXPt.63","action":"GetUpdates", "result":"DeleteReceived", "context":{"id":"c507b2e7-a054-40c1-8f4f-c4b842694acc", "isDeleted:":"true", "version":"1713986638041"}}
{"logTime": "0428/231202", "correlationVector":"yVyZkWCY66URc030p0oXPt.64","action":"GetUpdates Response", "result":"Success", "context":Received 250 update(s). cV=yVyZkWCY66URc030p0oXPt.0;server=GENERAL01000026;cloudType=Consumer;environment=Prod_EastUS2_000e;migrationStage=NotStarted Some updates remain.}
{"logTime": "0428/231202", "correlationVector":"mp1MwIUn6y47dzjVHhAET/","action":"Initial GetUpdates", "result":"", "context":Reason: RECONFIGURATION. cV=mp1MwIUn6y47dzjVHhAET/}
{"logTime": "0428/231203", "correlationVector":"mp1MwIUn6y47dzjVHhAET/.1","action":"SyncServerConnectionManagerRequest", "result":"SYNC_SERVER_OK", "context":{"environment":"Prod_EastUS2_000e", "migrationStage":"NotStarted", "server":"GENERAL0100002L"}}
{"logTime": "0428/231203", "correlationVector":"mp1MwIUn6y47dzjVHhAET/.2","action":"GetUpdates", "result":"DeleteReceived", "context":{"id":"b18a1813-617c-4fd3-816f-0fc54b10acc5", "isDeleted:":"true", "version":"1713992628210"}}
{"logTime": "0428/231203", "correlationVector":"mp1MwIUn6y47dzjVHhAET/.3","action":"GetUpdates", "result":"DeleteReceived", "context":{"id":"668282a0-1c01-47e8-8aaa-2e89a81313d4", "isDeleted:":"true", "version":"1714048451372"}}
{"logTime": "0428/231203", "correlationVector":"mp1MwIUn6y47dzjVHhAET/.4","action":"GetUpdates", "result":"DeleteReceived", "context":{"id":"eb5a6ef3-377c-46a1-ace6-e6cb244a8f90", "isDeleted:":"true", "version":"1714048451374"}}
{"logTime": "0428/231203", "correlationVector":"mp1MwIUn6y47dzjVHhAET/.5","action":"GetUpdates", "result":"DeleteReceived", "context":{"id":"a2fa2f6d-73a1-44fa-b411-207a54a64755", "isDeleted:":"true", "version":"1714050164870"}}
{"logTime": "0428/231203", "correlationVector":"mp1MwIUn6y47dzjVHhAET/.6","action":"GetUpdates", "result":"DeleteReceived", "context":{"id":"0b581d9b-994c-48e2-a977-56beae343ac8", "isDeleted:":"true", "version":"1714068499182"}}
{"logTime": "0428/231203", "correlationVector":"mp1MwIUn6y47dzjVHhAET/.7","action":"GetUpdates", "result":"DeleteReceived", "context":{"id":"b1b1c51a-f706-4c0f-af3d-11ca7954c061", "isDeleted:":"true", "version":"1714068671371"}}
{"logTime": "0428/231203", "correlationVector":"mp1MwIUn6y47dzjVHhAET/.8","action":"GetUpdates", "result":"DeleteReceived", "context":{"id":"8f4bcb35-a5fe-4c62-bf24-45e23627c06b", "isDeleted:":"true", "version":"1714068671372"}}
{"logTime": "0428/231203", "correlationVector":"mp1MwIUn6y47dzjVHhAET/.9","action":"GetUpdates", "result":"DeleteReceived", "context":{"id":"815fb13a-c2b9-4305-b4a9-e5101ee49178", "isDeleted:":"true", "version":"1714068671373"}}
{"logTime": "0428/231203", "correlationVector":"mp1MwIUn6y47dzjVHhAET/.10","action":"GetUpdates", "result":"DeleteReceived", "context":{"id":"84769ff7-18c5-41cf-ae1d-9b1b0abfc7cc", "isDeleted:":"true", "version":"1714068671375"}}
{"logTime": "0428/231203", "correlationVector":"mp1MwIUn6y47dzjVHhAET/.11","action":"GetUpdates", "result":"DeleteReceived", "context":{"id":"be504fdf-c7a1-4140-b61b-725f6eb7efb1", "isDeleted:":"true", "version":"1714068671376"}}
{"logTime": "0428/231203", "correlationVector":"mp1MwIUn6y47dzjVHhAET/.12","action":"GetUpdates", "result":"DeleteReceived", "context":{"id":"5310f7ee-d66e-4f8b-a872-31fb0e5614d5", "isDeleted:":"true", "version":"1714068671377"}}
{"logTime": "0428/231203", "correlationVector":"mp1MwIUn6y47dzjVHhAET/.13","action":"GetUpdates", "result":"DeleteReceived", "context":{"id":"84a47922-198a-4ea9-91a9-8a21c583af40", "isDeleted:":"true", "version":"1714077285096"}}
{"logTime": "0428/231203", "correlationVector":"mp1MwIUn6y47dzjVHhAET/.14","action":"GetUpdates", "result":"DeleteReceived", "context":{"id":"33f4328b-78ed-4ed7-85df-d82cb60ee2fd", "isDeleted:":"true", "version":"1714077285097"}}
{"logTime": "0428/231203", "correlationVector":"mp1MwIUn6y47dzjVHhAET/.15","action":"GetUpdates", "result":"DeleteReceived", "context":{"id":"95ba4e56-b7b6-46fe-870c-67fe25009be3", "isDeleted:":"true", "version":"1714090376471"}}
{"logTime": "0428/231203", "correlationVector":"mp1MwIUn6y47dzjVHhAET/.16","action":"GetUpdates", "result":"DeleteReceived", "context":{"id":"419b82e4-9241-4735-9479-0b48fd53f00a", "isDeleted:":"true", "version":"1714090981700"}}
{"logTime": "0428/231203", "correlationVector":"mp1MwIUn6y47dzjVHhAET/.17","action":"GetUpdates", "result":"DeleteReceived", "context":{"id":"0fcfd980-6b42-4c51-85e2-656674d8cac4", "isDeleted:":"true", "version":"1714092402912"}}
{"logTime": "0428/231203", "correlationVector":"mp1MwIUn6y47dzjVHhAET/.18","action":"GetUpdates", "result":"DeleteReceived", "context":{"id":"20ca0d82-acaf-48cc-b119-c9e850ea29b0", "isDeleted:":"true", "version":"1714094748754"}}
{"logTime": "0428/231203", "correlationVector":"mp1MwIUn6y47dzjVHhAET/.19","action":"GetUpdates", "result":"DeleteReceived", "context":{"id":"8c85db76-b1d5-44be-8c6c-d39ef3670c42", "isDeleted:":"true", "version":"1714094748757"}}
{"logTime": "0428/231203", "correlationVector":"mp1MwIUn6y47dzjVHhAET/.20","action":"GetUpdates", "result":"DeleteReceived", "context":{"id":"ff6b53c0-5719-478a-a51c-5a6a4386436f", "isDeleted:":"true", "version":"1714094748758"}}
{"logTime": "0428/231203", "correlationVector":"mp1MwIUn6y47dzjVHhAET/.21","action":"GetUpdates", "result":"DeleteReceived", "context":{"id":"9b037270-3eb0-4589-a74d-a3abab5c3f0a", "isDeleted:":"true", "version":"1714094748759"}}
{"logTime": "0428/231203", "correlationVector":"mp1MwIUn6y47dzjVHhAET/.22","action":"GetUpdates", "result":"DeleteReceived", "context":{"id":"46f2a36e-d300-484b-acb6-eaefa98ccb16", "isDeleted:":"true", "version":"1714094761155"}}
{"logTime": "0428/231203", "correlationVector":"mp1MwIUn6y47dzjVHhAET/.23","action":"GetUpdates", "result":"DeleteReceived", "context":{"id":"5e2aaddf-d427-4394-8d77-086ea6c43ab1", "isDeleted:":"true", "version":"1714095151460"}}
{"logTime": "0428/231203", "correlationVector":"mp1MwIUn6y47dzjVHhAET/.24","action":"GetUpdates", "result":"DeleteReceived", "context":{"id":"a532f63d-4491-4fb0-b95c-df33fcd6e70e", "isDeleted:":"true", "version":"1714100121608"}}
{"logTime": "0428/231203", "correlationVector":"mp1MwIUn6y47dzjVHhAET/.25","action":"GetUpdates", "result":"DeleteReceived", "context":{"id":"16c56ede-cce0-455c-beb5-8d4ef4b33f6d", "isDeleted:":"true", "version":"1714100121609"}}
{"logTime": "0428/231203", "correlationVector":"mp1MwIUn6y47dzjVHhAET/.26","action":"GetUpdates", "result":"DeleteReceived", "context":{"id":"8dfce1cd-b5e3-42d6-9962-4fb60819a738", "isDeleted:":"true", "version":"1714152383880"}}
{"logTime": "0428/231203", "correlationVector":"mp1MwIUn6y47dzjVHhAET/.27","action":"GetUpdates", "result":"DeleteReceived", "context":{"id":"b5324e22-19a6-4335-b10e-25f48af294fe", "isDeleted:":"true", "version":"1714152383882"}}
{"logTime": "0428/231203", "correlationVector":"mp1MwIUn6y47dzjVHhAET/.28","action":"GetUpdates", "result":"DeleteReceived", "context":{"id":"4642e6e2-095c-4707-b51b-71d35b004fa5", "isDeleted:":"true", "version":"1714152802532"}}
{"logTime": "0428/231203", "correlationVector":"mp1MwIUn6y47dzjVHhAET/.29","action":"GetUpdates", "result":"DeleteReceived", "context":{"id":"b452f107-4033-46d1-b11d-9008a21e3b70", "isDeleted:":"true", "version":"1714152998321"}}
{"logTime": "0428/231203", "correlationVector":"mp1MwIUn6y47dzjVHhAET/.30","action":"GetUpdates", "result":"DeleteReceived", "context":{"id":"f9cca2b2-f06f-402a-a224-2fc13f4f6ac6", "isDeleted:":"true", "version":"1714154347130"}}
{"logTime": "0428/231203", "correlationVector":"mp1MwIUn6y47dzjVHhAET/.31","action":"GetUpdates", "result":"DeleteReceived", "context":{"id":"e11a6e86-a00f-4a63-95e0-7d2d147626d5", "isDeleted:":"true", "version":"1714157371355"}}
{"logTime": "0428/231203", "correlationVector":"mp1MwIUn6y47dzjVHhAET/.32","action":"GetUpdates", "result":"DeleteReceived", "context":{"id":"9712f740-6e7c-48f7-9fe8-af7e413d64fc", "isDeleted:":"true", "version":"1714158837363"}}
{"logTime": "0428/231203", "correlationVector":"mp1MwIUn6y47dzjVHhAET/.33","action":"GetUpdates", "result":"DeleteReceived", "context":{"id":"94c021b2-56c5-4bd8-b9fe-03d465d8f82c", "isDeleted:":"true", "version":"1714158837365"}}
{"logTime": "0428/231203", "correlationVector":"mp1MwIUn6y47dzjVHhAET/.34","action":"GetUpdates", "result":"DeleteReceived", "context":{"id":"8a6c89f5-5c4f-4f14-b3c2-779101d87c76", "isDeleted:":"true", "version":"1714158837366"}}
{"logTime": "0428/231203", "correlationVector":"mp1MwIUn6y47dzjVHhAET/.35","action":"GetUpdates", "result":"DeleteReceived", "context":{"id":"df7654c2-e495-421a-8e07-cc79323ff10f", "isDeleted:":"true", "version":"1714158837367"}}
{"logTime": "0428/231203", "correlationVector":"mp1MwIUn6y47dzjVHhAET/.36","action":"GetUpdates", "result":"DeleteReceived", "context":{"id":"d01a3c63-b306-4dde-a3f1-68d762f4f0d0", "isDeleted:":"true", "version":"1714159903276"}}
{"logTime": "0428/231203", "correlationVector":"mp1MwIUn6y47dzjVHhAET/.37","action":"GetUpdates", "result":"DeleteReceived", "context":{"id":"2e0d218d-abf6-4efa-986a-e07e03c34261", "isDeleted:":"true", "version":"1714159903281"}}
{"logTime": "0428/231203", "correlationVector":"mp1MwIUn6y47dzjVHhAET/.38","action":"GetUpdates", "result":"DeleteReceived", "context":{"id":"cd100e52-3011-4106-8da1-04dc9fd40838", "isDeleted:":"true", "version":"1714159903282"}}
{"logTime": "0428/231203", "correlationVector":"mp1MwIUn6y47dzjVHhAET/.39","action":"GetUpdates", "result":"DeleteReceived", "context":{"id":"65733d64-9789-42d2-84e8-01490ffc4aad", "isDeleted:":"true", "version":"1714159903285"}}
{"logTime": "0428/231203", "correlationVector":"mp1MwIUn6y47dzjVHhAET/.40","action":"GetUpdates", "result":"DeleteReceived", "context":{"id":"67eeaf78-85b2-45f8-b61a-33538d64ed3b", "isDeleted:":"true", "version":"1714160110969"}}
{"logTime": "0428/231203", "correlationVector":"mp1MwIUn6y47dzjVHhAET/.41","action":"GetUpdates", "result":"DeleteReceived", "context":{"id":"d96872d0-8f82-4170-84d8-b30e394c8c52", "isDeleted:":"true", "version":"1714160110971"}}
{"logTime": "0428/231203", "correlationVector":"mp1MwIUn6y47dzjVHhAET/.42","action":"GetUpdates", "result":"DeleteReceived", "context":{"id":"d2c2faa8-980c-4e28-9dfd-15507eb339c0", "isDeleted:":"true", "version":"1714160110972"}}
{"logTime": "0428/231203", "correlationVector":"mp1MwIUn6y47dzjVHhAET/.43","action":"GetUpdates", "result":"DeleteReceived", "context":{"id":"09397d5b-5bd9-490e-8818-4cc2782ecde2", "isDeleted:":"true", "version":"1714162129838"}}
{"logTime": "0428/231203", "correlationVector":"mp1MwIUn6y47dzjVHhAET/.44","action":"GetUpdates", "result":"DeleteReceived", "context":{"id":"bd6b9eac-2916-4a94-873d-5fdb80f3c735", "isDeleted:":"true", "version":"1714162181418"}}
{"logTime": "0428/231203", "correlationVector":"mp1MwIUn6y47dzjVHhAET/.45","action":"GetUpdates", "result":"DeleteReceived", "context":{"id":"3d0ab72a-fbe8-4b3a-91e9-93ba571fac27", "isDeleted:":"true", "version":"1714164728382"}}
{"logTime": "0428/231203", "correlationVector":"mp1MwIUn6y47dzjVHhAET/.46","action":"GetUpdates", "result":"DeleteReceived", "context":{"id":"90424fab-9965-42b7-b38d-47daa6148d3b", "isDeleted:":"true", "version":"1714165353707"}}
{"logTime": "0428/231203", "correlationVector":"mp1MwIUn6y47dzjVHhAET/.47","action":"GetUpdates", "result":"DeleteReceived", "context":{"id":"fe4ff206-87dd-42ca-9ff6-dd081019b0dc", "isDeleted:":"true", "version":"1714166550494"}}
{"logTime": "0428/231203", "correlationVector":"mp1MwIUn6y47dzjVHhAET/.48","action":"GetUpdates", "result":"DeleteReceived", "context":{"id":"aa9c2330-4c31-4a1b-adc3-126d4ac9021e", "isDeleted:":"true", "version":"1714166972723"}}
{"logTime": "0428/231203", "correlationVector":"mp1MwIUn6y47dzjVHhAET/.49","action":"GetUpdates", "result":"DeleteReceived", "context":{"id":"28287bc6-72c3-4ccb-a4a1-1f9cb7c5215d", "isDeleted:":"true", "version":"1714170770432"}}
{"logTime": "0428/231203", "correlationVector":"mp1MwIUn6y47dzjVHhAET/.50","action":"GetUpdates", "result":"DeleteReceived", "context":{"id":"5569ac68-e439-4692-bf8d-415befb228e3", "isDeleted:":"true", "version":"1714181255240"}}
{"logTime": "0428/231203", "correlationVector":"mp1MwIUn6y47dzjVHhAET/.51","action":"GetUpdates", "result":"DeleteReceived", "context":{"id":"eb637995-eb21-4bd3-979f-469923655d92", "isDeleted:":"true", "version":"1714182846002"}}
{"logTime": "0428/231203", "correlationVector":"mp1MwIUn6y47dzjVHhAET/.52","action":"GetUpdates", "result":"DeleteReceived", "context":{"id":"5ab32f4f-5ab4-4610-99b7-2b403f881c10", "isDeleted:":"true", "version":"1714203549010"}}
{"logTime": "0428/231203", "correlationVector":"mp1MwIUn6y47dzjVHhAET/.53","action":"GetUpdates", "result":"DeleteReceived", "context":{"id":"e762f966-c09b-443b-a407-b9e5b8bcac51", "isDeleted:":"true", "version":"1714208954157"}}
{"logTime": "0428/231203", "correlationVector":"mp1MwIUn6y47dzjVHhAET/.54","action":"GetUpdates", "result":"DeleteReceived", "context":{"id":"81cd0617-2ef9-4361-b53f-39ecff1dc232", "isDeleted:":"true", "version":"1714231646946"}}
{"logTime": "0428/231203", "correlationVector":"mp1MwIUn6y47dzjVHhAET/.55","action":"GetUpdates", "result":"DeleteReceived", "context":{"id":"eb063d9f-83ad-44c8-952c-3ea135cd0483", "isDeleted:":"true", "version":"1714231646947"}}
{"logTime": "0428/231203", "correlationVector":"mp1MwIUn6y47dzjVHhAET/.56","action":"GetUpdates", "result":"DeleteReceived", "context":{"id":"fdf6b877-21d7-4de9-8f6d-dda70d4e32ad", "isDeleted:":"true", "version":"1714231646948"}}
{"logTime": "0428/231203", "correlationVector":"mp1MwIUn6y47dzjVHhAET/.57","action":"GetUpdates", "result":"DeleteReceived", "context":{"id":"b99de8dd-8d2f-43a2-8e9a-c88de22aa661", "isDeleted:":"true", "version":"1714231646949"}}
{"logTime": "0428/231203", "correlationVector":"mp1MwIUn6y47dzjVHhAET/.58","action":"GetUpdates", "result":"DeleteReceived", "context":{"id":"1ad8681f-fe93-4c5b-87e8-d5ad8fda48cd", "isDeleted:":"true", "version":"1714231646950"}}
{"logTime": "0428/231203", "correlationVector":"mp1MwIUn6y47dzjVHhAET/.59","action":"GetUpdates", "result":"DeleteReceived", "context":{"id":"0b3ea06c-0a52-49cf-8f15-f9b20cad60ff", "isDeleted:":"true", "version":"1714250468773"}}
{"logTime": "0428/231203", "correlationVector":"mp1MwIUn6y47dzjVHhAET/.60","action":"GetUpdates", "result":"DeleteReceived", "context":{"id":"2c3a9f0e-afe7-4fa5-b69a-e533842d10e7", "isDeleted:":"true", "version":"1714250468775"}}
{"logTime": "0428/231203", "correlationVector":"mp1MwIUn6y47dzjVHhAET/.61","action":"GetUpdates", "result":"DeleteReceived", "context":{"id":"0d2f0e4c-d24f-4ab8-8aeb-be9145a638e4", "isDeleted:":"true", "version":"1714273326655"}}
{"logTime": "0428/231203", "correlationVector":"mp1MwIUn6y47dzjVHhAET/.62","action":"GetUpdates", "result":"DeleteReceived", "context":{"id":"88889cc3-44e0-46c1-a0c7-d6159a89551b", "isDeleted:":"true", "version":"1714282792410"}}
{"logTime": "0428/231203", "correlationVector":"mp1MwIUn6y47dzjVHhAET/.63","action":"GetUpdates", "result":"DeleteReceived", "context":{"id":"f3155a84-d871-4b6d-9cde-277f7fe9b6d3", "isDeleted:":"true", "version":"1714282931086"}}
{"logTime": "0428/231203", "correlationVector":"mp1MwIUn6y47dzjVHhAET/.64","action":"GetUpdates", "result":"DeleteReceived", "context":{"id":"f62cb4d7-4aed-4de4-8f5b-a0b128fb491a", "isDeleted:":"true", "version":"1714284796647"}}
{"logTime": "0428/231203", "correlationVector":"mp1MwIUn6y47dzjVHhAET/.65","action":"GetUpdates", "result":"DeleteReceived", "context":{"id":"89db4ca8-7d1d-4bb1-8971-094340b3e499", "isDeleted:":"true", "version":"1714288271276"}}
{"logTime": "0428/231203", "correlationVector":"mp1MwIUn6y47dzjVHhAET/.66","action":"GetUpdates", "result":"DeleteReceived", "context":{"id":"5c89ac3a-f706-486d-a7e1-6e82139db730", "isDeleted:":"true", "version":"1714288963176"}}
{"logTime": "0428/231203", "correlationVector":"mp1MwIUn6y47dzjVHhAET/.67","action":"GetUpdates", "result":"DeleteReceived", "context":{"id":"2cab4fb4-59ca-419e-85e0-b52c5c2a7371", "isDeleted:":"true", "version":"1714289007694"}}
{"logTime": "0428/231203", "correlationVector":"mp1MwIUn6y47dzjVHhAET/.68","action":"GetUpdates", "result":"DeleteReceived", "context":{"id":"992dd436-bfc9-4b6b-836a-8fea944581fc", "isDeleted:":"true", "version":"1714289608510"}}
{"logTime": "0428/231203", "correlationVector":"mp1MwIUn6y47dzjVHhAET/.69","action":"GetUpdates", "result":"DeleteReceived", "context":{"id":"e160b3b2-8444-47ce-8e34-df6db38f942b", "isDeleted:":"true", "version":"1714289769118"}}
{"logTime": "0428/231203", "correlationVector":"mp1MwIUn6y47dzjVHhAET/.70","action":"GetUpdates", "result":"DeleteReceived", "context":{"id":"c65f9a3e-e4d8-4d99-8b6c-cd58bea47241", "isDeleted:":"true", "version":"1714290034591"}}
{"logTime": "0428/231203", "correlationVector":"mp1MwIUn6y47dzjVHhAET/.71","action":"GetUpdates", "result":"DeleteReceived", "context":{"id":"8773e7c6-db12-4b59-a35d-6c067e3317c4", "isDeleted:":"true", "version":"1714335826096"}}
{"logTime": "0428/231203", "correlationVector":"mp1MwIUn6y47dzjVHhAET/.72","action":"GetUpdates", "result":"DeleteReceived", "context":{"id":"6dd12291-9269-4237-b4ce-e8ab82e9243a", "isDeleted:":"true", "version":"1714335826097"}}
{"logTime": "0428/231203", "correlationVector":"mp1MwIUn6y47dzjVHhAET/.73","action":"GetUpdates", "result":"DeleteReceived", "context":{"id":"84b3faf7-3bf2-48f0-8ab8-88cb0feb1e96", "isDeleted:":"true", "version":"1714335826099"}}
{"logTime": "0428/231203", "correlationVector":"mp1MwIUn6y47dzjVHhAET/.74","action":"GetUpdates", "result":"DeleteReceived", "context":{"id":"b9e2afc6-7319-4e76-ab1f-a729b44a5fed", "isDeleted:":"true", "version":"1714335826100"}}
{"logTime": "0428/231203", "correlationVector":"mp1MwIUn6y47dzjVHhAET/.75","action":"GetUpdates", "result":"DeleteReceived", "context":{"id":"6aff4160-37f5-4337-bced-e27c541feabb", "isDeleted:":"true", "version":"1714335826101"}}
{"logTime": "0428/231203", "correlationVector":"mp1MwIUn6y47dzjVHhAET/.76","action":"GetUpdates", "result":"DeleteReceived", "context":{"id":"859585a3-e8d9-4fc7-963a-5d08978cc7ef", "isDeleted:":"true", "version":"1714342619404"}}
{"logTime": "0428/231203", "correlationVector":"mp1MwIUn6y47dzjVHhAET/.77","action":"GetUpdates", "result":"DeleteReceived", "context":{"id":"97dceffc-1fc6-4834-bf70-d466638d518f", "isDeleted:":"true", "version":"1714344526329"}}
{"logTime": "0428/231203", "correlationVector":"mp1MwIUn6y47dzjVHhAET/.78","action":"GetUpdates", "result":"DeleteReceived", "context":{"id":"5d152936-a5d3-4d87-8199-b6921ee92f38", "isDeleted:":"true", "version":"1714345005642"}}
{"logTime": "0428/231203", "correlationVector":"mp1MwIUn6y47dzjVHhAET/.79","action":"GetUpdates", "result":"DeleteReceived", "context":{"id":"61e5eb01-b0ba-4647-a2e4-218a6d502379", "isDeleted:":"true", "version":"1714345005643"}}
{"logTime": "0428/231203", "correlationVector":"mp1MwIUn6y47dzjVHhAET/.80","action":"GetUpdates", "result":"DeleteReceived", "context":{"id":"4e1bd697-01ec-4e61-bfaa-4a5f7584fb52", "isDeleted:":"true", "version":"1714345005645"}}
{"logTime": "0428/231203", "correlationVector":"mp1MwIUn6y47dzjVHhAET/.81","action":"GetUpdates", "result":"DeleteReceived", "context":{"id":"070b5dc3-1fef-4b92-a8ee-14683ac7d6bb", "isDeleted:":"true", "version":"1714345005646"}}
{"logTime": "0428/231203", "correlationVector":"mp1MwIUn6y47dzjVHhAET/.82","action":"GetUpdates", "result":"DeleteReceived", "context":{"id":"e469491d-a7c1-483c-969d-6ce8c4fb6fe6", "isDeleted:":"true", "version":"1714345005648"}}
{"logTime": "0428/231203", "correlationVector":"mp1MwIUn6y47dzjVHhAET/.83","action":"GetUpdates Response", "result":"Success", "context":Received 250 update(s). cV=mp1MwIUn6y47dzjVHhAET/.0;server=GENERAL0100002L;cloudType=Consumer;environment=Prod_EastUS2_000e;migrationStage=NotStarted Some updates remain.}
{"logTime": "0428/231203", "correlationVector":"/NLCo22CVR/RaB6ML4YH1L","action":"Initial GetUpdates", "result":"", "context":Reason: RECONFIGURATION. cV=/NLCo22CVR/RaB6ML4YH1L}
{"logTime": "0428/231203", "correlationVector":"/NLCo22CVR/RaB6ML4YH1L.1","action":"SyncServerConnectionManagerRequest", "result":"SYNC_SERVER_OK", "context":{"environment":"Prod_EastUS2_000e", "migrationStage":"NotStarted", "server":"general01000016"}}
{"logTime": "0428/231203", "correlationVector":"/NLCo22CVR/RaB6ML4YH1L.2","action":"GetUpdates", "result":"DeleteReceived", "context":{"id":"73bb61f1-bed2-4018-8177-d5d9f24f98cb", "isDeleted:":"true", "version":"1714345482336"}}
{"logTime": "0428/231203", "correlationVector":"/NLCo22CVR/RaB6ML4YH1L.3","action":"GetUpdates Response", "result":"Success", "context":Received 5 update(s). cV=/NLCo22CVR/RaB6ML4YH1L.0;server=general01000016;cloudType=Consumer;environment=Prod_EastUS2_000e;migrationStage=NotStarted}
{"logTime": "0428/231203", "correlationVector":"fuBTuTkQ1z0SMNlq6eHW89","action":"Normal GetUpdate request", "result":"", "context":cV=fuBTuTkQ1z0SMNlq6eHW89
Nudged types: Sessions, Device Info
Refresh requested types: Bookmarks, Preferences, Passwords, Autofill Profiles, Autofill, Typed URLs, Extensions, Sessions, Extension settings, History Delete Directives, Device Info, User Consents, Send Tab To Self, Web Apps, Collection, Edge E Drop, Edge Hub App Usage, Edge Tab Group, Edge Wallet, Encryption Keys}
{"logTime": "0428/231204", "correlationVector":"fuBTuTkQ1z0SMNlq6eHW89.1","action":"SyncServerConnectionManagerRequest", "result":"SYNC_SERVER_OK", "context":{"environment":"Prod_EastUS2_000e", "migrationStage":"NotStarted", "server":"GENERAL0100001I"}}
{"logTime": "0428/231204", "correlationVector":"fuBTuTkQ1z0SMNlq6eHW89.2","action":"GetUpdates Response", "result":"Success", "context":Received 0 update(s). cV=fuBTuTkQ1z0SMNlq6eHW89.0;server=GENERAL0100001I;cloudType=Consumer;environment=Prod_EastUS2_000e;migrationStage=NotStarted}
{"logTime": "0428/231204", "correlationVector":"RDDcqK4fHZ9oJSuCpDrQG2","action":"Commit Request", "result":"", "context":Item count: 3
Contributing types: Sessions, Device Info}
{"logTime": "0428/231204", "correlationVector":"RDDcqK4fHZ9oJSuCpDrQG2.1","action":"SyncServerConnectionManagerRequest", "result":"SYNC_SERVER_OK", "context":{"environment":"Prod_EastUS2_000e", "migrationStage":"NotStarted", "server":"GENERAL0100001T"}}
{"logTime": "0428/231204", "correlationVector":"RDDcqK4fHZ9oJSuCpDrQG2.2","action":"Commit Response", "result":"Success", "context":Result: Success. cV=RDDcqK4fHZ9oJSuCpDrQG2.0;server=GENERAL0100001T;cloudType=Consumer;environment=Prod_EastUS2_000e;migrationStage=NotStarted}
{"logTime": "0428/231357", "correlationVector":"4qQrx6FVY9swH9oLjjO+Fd","action":"Commit Request", "result":"", "context":Item count: 1
Contributing types: Sessions}
{"logTime": "0428/231358", "correlationVector":"4qQrx6FVY9swH9oLjjO+Fd.1","action":"SyncServerConnectionManagerRequest", "result":"SYNC_SERVER_OK", "context":{"environment":"Prod_EastUS_000w", "migrationStage":"NotStarted", "server":"GENERAL02000003"}}
{"logTime": "0428/231358", "correlationVector":"4qQrx6FVY9swH9oLjjO+Fd.2","action":"Commit Response", "result":"Success", "context":Result: Success. cV=4qQrx6FVY9swH9oLjjO+Fd.0;server=GENERAL02000003;cloudType=Consumer;environment=Prod_EastUS_000w;migrationStage=NotStarted}
{"logTime": "0428/231435", "correlationVector":"gJqH0TKKK3+YVxWplU34Cd","action":"Commit Request", "result":"", "context":Item count: 1
Contributing types: Sessions}
{"logTime": "0428/231435", "correlationVector":"gJqH0TKKK3+YVxWplU34Cd.1","action":"SyncServerConnectionManagerRequest", "result":"SYNC_SERVER_OK", "context":{"environment":"Prod_EastUS2_000e", "migrationStage":"NotStarted", "server":"GENERAL0100000E"}}
{"logTime": "0428/231435", "correlationVector":"gJqH0TKKK3+YVxWplU34Cd.2","action":"Commit Response", "result":"Success", "context":Result: Success. cV=gJqH0TKKK3+YVxWplU34Cd.0;server=GENERAL0100000E;cloudType=Consumer;environment=Prod_EastUS2_000e;migrationStage=NotStarted}
{"logTime": "0428/231510", "correlationVector":"2ISCDTJGkj5d3cO296KTqT","action":"Commit Request", "result":"", "context":Item count: 1
Contributing types: Sessions}
{"logTime": "0428/231511", "correlationVector":"2ISCDTJGkj5d3cO296KTqT.1","action":"SyncServerConnectionManagerRequest", "result":"SYNC_SERVER_OK", "context":{"environment":"Prod_EastUS2_000e", "migrationStage":"NotStarted", "server":"GENERAL01000022"}}
{"logTime": "0428/231511", "correlationVector":"2ISCDTJGkj5d3cO296KTqT.2","action":"Commit Response", "result":"Success", "context":Result: Success. cV=2ISCDTJGkj5d3cO296KTqT.0;server=GENERAL01000022;cloudType=Consumer;environment=Prod_EastUS2_000e;migrationStage=NotStarted}
{"logTime": "0428/231648", "correlationVector":"LIZCOeFftCrTc0MJhWb5JI","action":"Normal GetUpdate request", "result":"", "context":cV=LIZCOeFftCrTc0MJhWb5JI
Refresh requested types: Bookmarks, Preferences, Passwords, Autofill Profiles, Autofill, Typed URLs, Extensions, Sessions, Extension settings, History Delete Directives, Device Info, User Consents, Send Tab To Self, Web Apps, Collection, Edge E Drop, Edge Hub App Usage, Edge Tab Group, Edge Wallet, Encryption Keys}
{"logTime": "0428/231649", "correlationVector":"LIZCOeFftCrTc0MJhWb5JI.1","action":"SyncServerConnectionManagerRequest", "result":"SYNC_SERVER_OK", "context":{"environment":"Prod_EastUS_000w", "migrationStage":"NotStarted", "server":"GENERAL1100002L"}}
{"logTime": "0428/231649", "correlationVector":"LIZCOeFftCrTc0MJhWb5JI.2","action":"GetUpdates Response", "result":"Success", "context":Received 4 update(s). cV=LIZCOeFftCrTc0MJhWb5JI.0;server=GENERAL1100002L;cloudType=Consumer;environment=Prod_EastUS_000w;migrationStage=NotStarted}
{"logTime": "0428/231834", "correlationVector":"ldtLAPhoZyLgnqKiBhtkw4","action":"Commit Request", "result":"", "context":Item count: 1
Contributing types: Sessions}
{"logTime": "0428/231834", "correlationVector":"ldtLAPhoZyLgnqKiBhtkw4.1","action":"SyncServerConnectionManagerRequest", "result":"SYNC_SERVER_OK", "context":{"environment":"Prod_EastUS_000w", "migrationStage":"NotStarted", "server":"GENERAL02000003"}}
{"logTime": "0428/231834", "correlationVector":"ldtLAPhoZyLgnqKiBhtkw4.2","action":"Commit Response", "result":"Success", "context":Result: Success. cV=ldtLAPhoZyLgnqKiBhtkw4.0;server=GENERAL02000003;cloudType=Consumer;environment=Prod_EastUS_000w;migrationStage=NotStarted}
{"logTime": "0428/231933", "correlationVector":"e6z2PkLpcKzd6IbGYSiq7Y","action":"Commit Request", "result":"", "context":Item count: 1
Contributing types: Sessions}
{"logTime": "0428/231933", "correlationVector":"e6z2PkLpcKzd6IbGYSiq7Y.1","action":"SyncServerConnectionManagerRequest", "result":"SYNC_SERVER_OK", "context":{"environment":"Prod_EastUS_000w", "migrationStage":"NotStarted", "server":"GENERAL1100002G"}}
{"logTime": "0428/231933", "correlationVector":"e6z2PkLpcKzd6IbGYSiq7Y.2","action":"Commit Response", "result":"Success", "context":Result: Success. cV=e6z2PkLpcKzd6IbGYSiq7Y.0;server=GENERAL1100002G;cloudType=Consumer;environment=Prod_EastUS_000w;migrationStage=NotStarted}
{"logTime": "0428/232249", "correlationVector":"7wjUzlnWz4BD8B4ksOYZuE","action":"Commit Request", "result":"", "context":Item count: 1
Contributing types: Sessions}
{"logTime": "0428/232250", "correlationVector":"7wjUzlnWz4BD8B4ksOYZuE.1","action":"SyncServerConnectionManagerRequest", "result":"SYNC_SERVER_OK", "context":{"environment":"Prod_EastUS_000w", "migrationStage":"NotStarted", "server":"GENERAL1100001S"}}
{"logTime": "0428/232250", "correlationVector":"7wjUzlnWz4BD8B4ksOYZuE.2","action":"Commit Response", "result":"Success", "context":Result: Success. cV=7wjUzlnWz4BD8B4ksOYZuE.0;server=GENERAL1100001S;cloudType=Consumer;environment=Prod_EastUS_000w;migrationStage=NotStarted}
{"logTime": "0428/232518", "correlationVector":"d/KVtJXjVFQR6GLwIb8wxF.1","action":"SyncServerConnectionManagerRequest", "result":"SYNC_SERVER_OK", "context":{"environment":"Prod_EastUS_000w", "migrationStage":"NotStarted", "server":"GENERAL11000033"}}
{"logTime": "0428/232518", "correlationVector":"d/KVtJXjVFQR6GLwIb8wxF","action":"Initial GetUpdates", "result":"", "context":Reason: NEW_CLIENT. cV=d/KVtJXjVFQR6GLwIb8wxF}
{"logTime": "0428/232518", "correlationVector":"d/KVtJXjVFQR6GLwIb8wxF.2","action":"GetUpdates Response", "result":"Success", "context":Received 1 update(s). cV=d/KVtJXjVFQR6GLwIb8wxF.0;server=GENERAL11000033;cloudType=Consumer;environment=Prod_EastUS_000w;migrationStage=NotStarted}
{"logTime": "0428/232518", "correlationVector":"4YIk57u2HPmGKIEgZxMiGZ","action":"Initial GetUpdates", "result":"", "context":Reason: NEWLY_SUPPORTED_DATATYPE. cV=4YIk57u2HPmGKIEgZxMiGZ}
{"logTime": "0428/232518", "correlationVector":"4YIk57u2HPmGKIEgZxMiGZ.1","action":"SyncServerConnectionManagerRequest", "result":"SYNC_SERVER_OK", "context":{"environment":"Prod_EastUS_000w", "migrationStage":"NotStarted", "server":"GENERAL1100002H"}}
{"logTime": "0428/232518", "correlationVector":"4YIk57u2HPmGKIEgZxMiGZ.2","action":"GetUpdates Response", "result":"Success", "context":Received 0 update(s). cV=4YIk57u2HPmGKIEgZxMiGZ.0;server=GENERAL1100002H;cloudType=Consumer;environment=Prod_EastUS_000w;migrationStage=NotStarted}
{"logTime": "0428/232518", "correlationVector":"OsgQ5Y7c3DnrB0Fi+0M4Fa","action":"SyncServerConnectionManagerRequest", "result":"SYNC_SERVER_OK", "context":{"environment":"", "migrationStage":"", "server":""}}
{"logTime": "0428/232518", "correlationVector":"PUWfrq6xZ/hdN6BWNRA/eO","action":"Normal GetUpdate request", "result":"", "context":cV=PUWfrq6xZ/hdN6BWNRA/eO
Nudged types: Sessions
Refresh requested types: Bookmarks, Preferences, Passwords, Autofill Profiles, Autofill, Typed URLs, Extensions, Sessions, Extension settings, History Delete Directives, Device Info, User Consents, Send Tab To Self, Web Apps, Collection, Edge E Drop, Edge Hub App Usage, Edge Tab Group, Edge Wallet, Encryption Keys}
{"logTime": "0428/232518", "correlationVector":"PUWfrq6xZ/hdN6BWNRA/eO.1","action":"SyncServerConnectionManagerRequest", "result":"SYNC_SERVER_OK", "context":{"environment":"Prod_EastUS_000w", "migrationStage":"NotStarted", "server":"GENERAL1100000A"}}
{"logTime": "0428/232518", "correlationVector":"PUWfrq6xZ/hdN6BWNRA/eO.2","action":"GetUpdates Response", "result":"Success", "context":Received 5 update(s). cV=PUWfrq6xZ/hdN6BWNRA/eO.0;server=GENERAL1100000A;cloudType=Consumer;environment=Prod_EastUS_000w;migrationStage=NotStarted}
{"logTime": "0428/232518", "correlationVector":"EceaXGkxVDCNnB6k7pNjtH","action":"Commit Request", "result":"", "context":Item count: 3
Contributing types: Sessions}
{"logTime": "0428/232518", "correlationVector":"EceaXGkxVDCNnB6k7pNjtH.1","action":"SyncServerConnectionManagerRequest", "result":"SYNC_SERVER_OK", "context":{"environment":"Prod_EastUS_000w", "migrationStage":"NotStarted", "server":"GENERAL11000002"}}
{"logTime": "0428/232518", "correlationVector":"EceaXGkxVDCNnB6k7pNjtH.3","action":"Commit.Sessions", "result":"Success", "context":{"id":"e31bb8d6-07d8-4963-958a-f2c45f90bea0", "isDeleted":"true", "size":"0", "version":"1714346572286"}}
{"logTime": "0428/232518", "correlationVector":"EceaXGkxVDCNnB6k7pNjtH.2","action":"Commit Response", "result":"Success", "context":Result: Success. cV=EceaXGkxVDCNnB6k7pNjtH.0;server=GENERAL11000002;cloudType=Consumer;environment=Prod_EastUS_000w;migrationStage=NotStarted}
{"logTime": "0428/232518", "correlationVector":"EqH/sSNlZdoDyfZWTDnseY","action":"Normal GetUpdate request", "result":"", "context":cV=EqH/sSNlZdoDyfZWTDnseY
Nudged types: Sessions
Refresh requested types: Bookmarks, Preferences, Passwords, Autofill Profiles, Autofill, Typed URLs, Extensions, Sessions, Extension settings, History Delete Directives, Device Info, User Consents, Send Tab To Self, Web Apps, Collection, Edge E Drop, Edge Hub App Usage, Edge Tab Group, Edge Wallet, Encryption Keys}
{"logTime": "0428/232518", "correlationVector":"EqH/sSNlZdoDyfZWTDnseY.1","action":"SyncServerConnectionManagerRequest", "result":"SYNC_SERVER_OK", "context":{"environment":"Prod_EastUS_000w", "migrationStage":"NotStarted", "server":"GENERAL1100002N"}}
{"logTime": "0428/232518", "correlationVector":"EqH/sSNlZdoDyfZWTDnseY.2","action":"GetUpdates", "result":"DeleteReceived", "context":{"id":"e31bb8d6-07d8-4963-958a-f2c45f90bea0", "isDeleted:":"true", "version":"1714346715448"}}
{"logTime": "0428/232518", "correlationVector":"EqH/sSNlZdoDyfZWTDnseY.3","action":"GetUpdates Response", "result":"Success", "context":Received 3 update(s). cV=EqH/sSNlZdoDyfZWTDnseY.0;server=GENERAL1100002N;cloudType=Consumer;environment=Prod_EastUS_000w;migrationStage=NotStarted}
{"logTime": "0428/232543", "correlationVector":"sAUpA6wUqk9Y91Uzc3zO1b","action":"Commit Request", "result":"", "context":Item count: 1
Contributing types: Sessions}
{"logTime": "0428/232543", "correlationVector":"sAUpA6wUqk9Y91Uzc3zO1b.1","action":"SyncServerConnectionManagerRequest", "result":"SYNC_SERVER_OK", "context":{"environment":"Prod_EastUS_000w", "migrationStage":"NotStarted", "server":"GENERAL11000024"}}
{"logTime": "0428/232543", "correlationVector":"sAUpA6wUqk9Y91Uzc3zO1b.2","action":"Commit Response", "result":"Success", "context":Result: Success. cV=sAUpA6wUqk9Y91Uzc3zO1b.0;server=GENERAL11000024;cloudType=Consumer;environment=Prod_EastUS_000w;migrationStage=NotStarted}
{"logTime": "0428/232953", "correlationVector":"i1UOgAMYIqkmO54hVqAKnZ","action":"Commit Request", "result":"", "context":Item count: 1
Contributing types: Sessions}
{"logTime": "0428/232954", "correlationVector":"i1UOgAMYIqkmO54hVqAKnZ.1","action":"SyncServerConnectionManagerRequest", "result":"SYNC_SERVER_OK", "context":{"environment":"Prod_EastUS2_000e", "migrationStage":"NotStarted", "server":"GENERAL01000025"}}
{"logTime": "0428/232954", "correlationVector":"i1UOgAMYIqkmO54hVqAKnZ.2","action":"Commit Response", "result":"Success", "context":Result: Success. cV=i1UOgAMYIqkmO54hVqAKnZ.0;server=GENERAL01000025;cloudType=Consumer;environment=Prod_EastUS2_000e;migrationStage=NotStarted}
{"logTime": "0428/233011", "correlationVector":"9rA0/uKSou+Q6jCE+J8WZf","action":"Normal GetUpdate request", "result":"", "context":cV=9rA0/uKSou+Q6jCE+J8WZf
Refresh requested types: Bookmarks, Preferences, Passwords, Autofill Profiles, Autofill, Typed URLs, Extensions, Sessions, Extension settings, History Delete Directives, Device Info, User Consents, Send Tab To Self, Web Apps, Collection, Edge E Drop, Edge Hub App Usage, Edge Tab Group, Edge Wallet, Encryption Keys}
{"logTime": "0428/233011", "correlationVector":"9rA0/uKSou+Q6jCE+J8WZf.1","action":"SyncServerConnectionManagerRequest", "result":"SYNC_SERVER_OK", "context":{"environment":"Prod_EastUS2_000e", "migrationStage":"NotStarted", "server":"GENERAL01000035"}}
{"logTime": "0428/233011", "correlationVector":"9rA0/uKSou+Q6jCE+J8WZf.2","action":"GetUpdates", "result":"DeleteReceived", "context":{"id":"142b1bbf-cd2e-447c-9084-f7def84e4c0f", "isDeleted:":"true", "version":"1714346852130"}}
{"logTime": "0428/233011", "correlationVector":"9rA0/uKSou+Q6jCE+J8WZf.3","action":"GetUpdates Response", "result":"Success", "context":Received 6 update(s). cV=9rA0/uKSou+Q6jCE+J8WZf.0;server=GENERAL01000035;cloudType=Consumer;environment=Prod_EastUS2_000e;migrationStage=NotStarted}
{"logTime": "0428/233132", "correlationVector":"I/KkeRgPhLWYK0y077h2jH","action":"Commit Request", "result":"", "context":Item count: 1
Contributing types: Sessions}
{"logTime": "0428/233132", "correlationVector":"I/KkeRgPhLWYK0y077h2jH.1","action":"SyncServerConnectionManagerRequest", "result":"SYNC_SERVER_OK", "context":{"environment":"Prod_EastUS2_000e", "migrationStage":"NotStarted", "server":"GENERAL0100000D"}}
{"logTime": "0428/233132", "correlationVector":"I/KkeRgPhLWYK0y077h2jH.2","action":"Commit Response", "result":"Success", "context":Result: Success. cV=I/KkeRgPhLWYK0y077h2jH.0;server=GENERAL0100000D;cloudType=Consumer;environment=Prod_EastUS2_000e;migrationStage=NotStarted}
{"logTime": "0428/233255", "correlationVector":"Ydy/oHl80CMRW/lyitTvHB","action":"Commit Request", "result":"", "context":Item count: 1
Contributing types: Sessions}
{"logTime": "0428/233255", "correlationVector":"Ydy/oHl80CMRW/lyitTvHB.1","action":"SyncServerConnectionManagerRequest", "result":"SYNC_SERVER_OK", "context":{"environment":"Prod_EastUS_000w", "migrationStage":"NotStarted", "server":"GENERAL1100000Z"}}
{"logTime": "0428/233255", "correlationVector":"Ydy/oHl80CMRW/lyitTvHB.2","action":"Commit Response", "result":"Success", "context":Result: Success. cV=Ydy/oHl80CMRW/lyitTvHB.0;server=GENERAL1100000Z;cloudType=Consumer;environment=Prod_EastUS_000w;migrationStage=NotStarted}
{"logTime": "0428/233337", "correlationVector":"6hfmtd7mizF/0lVOnlOcNM","action":"Commit Request", "result":"", "context":Item count: 1
Contributing types: Sessions}
{"logTime": "0428/233337", "correlationVector":"6hfmtd7mizF/0lVOnlOcNM.1","action":"SyncServerConnectionManagerRequest", "result":"SYNC_SERVER_OK", "context":{"environment":"Prod_EastUS_000w", "migrationStage":"NotStarted", "server":"GENERAL1100002C"}}
{"logTime": "0428/233337", "correlationVector":"6hfmtd7mizF/0lVOnlOcNM.2","action":"Commit Response", "result":"Success", "context":Result: Success. cV=6hfmtd7mizF/0lVOnlOcNM.0;server=GENERAL1100002C;cloudType=Consumer;environment=Prod_EastUS_000w;migrationStage=NotStarted}
{"logTime": "0428/233539", "correlationVector":"LS373ZE3oDjErie2yU6Jba","action":"Commit Request", "result":"", "context":Item count: 1
Contributing types: Sessions}
{"logTime": "0428/233539", "correlationVector":"LS373ZE3oDjErie2yU6Jba.1","action":"SyncServerConnectionManagerRequest", "result":"SYNC_SERVER_OK", "context":{"environment":"Prod_EastUS_000w", "migrationStage":"NotStarted", "server":"GENERAL1100001E"}}
{"logTime": "0428/233539", "correlationVector":"LS373ZE3oDjErie2yU6Jba.2","action":"Commit Response", "result":"Success", "context":Result: Success. cV=LS373ZE3oDjErie2yU6Jba.0;server=GENERAL1100001E;cloudType=Consumer;environment=Prod_EastUS_000w;migrationStage=NotStarted}
{"logTime": "0428/233617", "correlationVector":"C7NtfVbYPsqG5ej0VvQtME","action":"Commit Request", "result":"", "context":Item count: 1
Contributing types: Sessions}
{"logTime": "0428/233617", "correlationVector":"C7NtfVbYPsqG5ej0VvQtME.1","action":"SyncServerConnectionManagerRequest", "result":"SYNC_SERVER_OK", "context":{"environment":"Prod_EastUS_000w", "migrationStage":"NotStarted", "server":"GENERAL11000025"}}
{"logTime": "0428/233617", "correlationVector":"C7NtfVbYPsqG5ej0VvQtME.2","action":"Commit Response", "result":"Success", "context":Result: Success. cV=C7NtfVbYPsqG5ej0VvQtME.0;server=GENERAL11000025;cloudType=Consumer;environment=Prod_EastUS_000w;migrationStage=NotStarted}
{"logTime": "0428/233820", "correlationVector":"RoHt6AYburOoje/2GZS1ta.1","action":"SyncServerConnectionManagerRequest", "result":"SYNC_SERVER_OK", "context":{"environment":"Prod_EastUS2_000e", "migrationStage":"NotStarted", "server":"GENERAL0100002J"}}
{"logTime": "0428/233820", "correlationVector":"RoHt6AYburOoje/2GZS1ta","action":"Initial GetUpdates", "result":"", "context":Reason: NEW_CLIENT. cV=RoHt6AYburOoje/2GZS1ta}
{"logTime": "0428/233820", "correlationVector":"RoHt6AYburOoje/2GZS1ta.2","action":"GetUpdates Response", "result":"Success", "context":Received 1 update(s). cV=RoHt6AYburOoje/2GZS1ta.0;server=GENERAL0100002J;cloudType=Consumer;environment=Prod_EastUS2_000e;migrationStage=NotStarted}
{"logTime": "0428/233820", "correlationVector":"NjPKGTAuoyT2nU6z87xiIi","action":"SyncServerConnectionManagerRequest", "result":"SYNC_SERVER_OK", "context":{"environment":"", "migrationStage":"", "server":""}}
{"logTime": "0428/233820", "correlationVector":"e4VQZqJ8HpnErSFesibLWN","action":"Initial GetUpdates", "result":"", "context":Reason: NEWLY_SUPPORTED_DATATYPE. cV=e4VQZqJ8HpnErSFesibLWN}
{"logTime": "0428/233820", "correlationVector":"e4VQZqJ8HpnErSFesibLWN.1","action":"SyncServerConnectionManagerRequest", "result":"SYNC_SERVER_OK", "context":{"environment":"Prod_EastUS2_000e", "migrationStage":"NotStarted", "server":"GENERAL0100001I"}}
{"logTime": "0428/233820", "correlationVector":"e4VQZqJ8HpnErSFesibLWN.2","action":"GetUpdates Response", "result":"Success", "context":Received 0 update(s). cV=e4VQZqJ8HpnErSFesibLWN.0;server=GENERAL0100001I;cloudType=Consumer;environment=Prod_EastUS2_000e;migrationStage=NotStarted}
{"logTime": "0428/233820", "correlationVector":"M/zpaqogtIm1ie8gkG0Sps","action":"Normal GetUpdate request", "result":"", "context":cV=M/zpaqogtIm1ie8gkG0Sps
Nudged types: Sessions
Refresh requested types: Bookmarks, Preferences, Passwords, Autofill Profiles, Autofill, Typed URLs, Extensions, Sessions, Extension settings, History Delete Directives, Device Info, User Consents, Send Tab To Self, Web Apps, Collection, Edge E Drop, Edge Hub App Usage, Edge Tab Group, Edge Wallet, Encryption Keys}
{"logTime": "0428/233820", "correlationVector":"M/zpaqogtIm1ie8gkG0Sps.1","action":"SyncServerConnectionManagerRequest", "result":"SYNC_SERVER_OK", "context":{"environment":"Prod_EastUS2_000e", "migrationStage":"NotStarted", "server":"GENERAL0100002R"}}
{"logTime": "0428/233820", "correlationVector":"M/zpaqogtIm1ie8gkG0Sps.2","action":"GetUpdates", "result":"DeleteReceived", "context":{"id":"dd3505df-ee1a-4ec2-9c3e-ff57bcc80b8b", "isDeleted:":"true", "version":"1714347114099"}}
{"logTime": "0428/233820", "correlationVector":"M/zpaqogtIm1ie8gkG0Sps.3","action":"GetUpdates", "result":"DeleteReceived", "context":{"id":"4b893216-5260-47ad-9914-2959bfd72e60", "isDeleted:":"true", "version":"1714347282397"}}
{"logTime": "0428/233820", "correlationVector":"M/zpaqogtIm1ie8gkG0Sps.4","action":"GetUpdates", "result":"DeleteReceived", "context":{"id":"c07a64f1-9b4c-4608-b687-ed99d33b22bf", "isDeleted:":"true", "version":"1714347352487"}}
{"logTime": "0428/233820", "correlationVector":"M/zpaqogtIm1ie8gkG0Sps.5","action":"GetUpdates", "result":"DeleteReceived", "context":{"id":"7ad84ce5-db14-48f1-8dbb-4d4575c93f43", "isDeleted:":"true", "version":"1714347352488"}}
{"logTime": "0428/233820", "correlationVector":"M/zpaqogtIm1ie8gkG0Sps.6","action":"GetUpdates Response", "result":"Success", "context":Received 9 update(s). cV=M/zpaqogtIm1ie8gkG0Sps.0;server=GENERAL0100002R;cloudType=Consumer;environment=Prod_EastUS2_000e;migrationStage=NotStarted}
{"logTime": "0428/233820", "correlationVector":"ouBW8Fdhgcbyl0E4vYR5VC","action":"Commit Request", "result":"", "context":Item count: 3
Contributing types: Sessions}
{"logTime": "0428/233820", "correlationVector":"ouBW8Fdhgcbyl0E4vYR5VC.1","action":"SyncServerConnectionManagerRequest", "result":"SYNC_SERVER_OK", "context":{"environment":"Prod_EastUS2_000e", "migrationStage":"NotStarted", "server":"GENERAL0100002G"}}
{"logTime": "0428/233820", "correlationVector":"ouBW8Fdhgcbyl0E4vYR5VC.2","action":"Commit Response", "result":"Success", "context":Result: Success. cV=ouBW8Fdhgcbyl0E4vYR5VC.0;server=GENERAL0100002G;cloudType=Consumer;environment=Prod_EastUS2_000e;migrationStage=NotStarted}
{"logTime": "0428/233845", "correlationVector":"VTWqYZWc3Za2XYcha9jA3P","action":"Normal GetUpdate request", "result":"", "context":cV=VTWqYZWc3Za2XYcha9jA3P
Nudged types: Sessions}
{"logTime": "0428/233846", "correlationVector":"VTWqYZWc3Za2XYcha9jA3P.1","action":"SyncServerConnectionManagerRequest", "result":"SYNC_SERVER_OK", "context":{"environment":"Prod_EastUS2_000e", "migrationStage":"NotStarted", "server":"GENERAL0100001L"}}
{"logTime": "0428/233846", "correlationVector":"VTWqYZWc3Za2XYcha9jA3P.2","action":"GetUpdates Response", "result":"Success", "context":Received 4 update(s). cV=VTWqYZWc3Za2XYcha9jA3P.0;server=GENERAL0100001L;cloudType=Consumer;environment=Prod_EastUS2_000e;migrationStage=NotStarted}
{"logTime": "0428/233846", "correlationVector":"xTELgPjR6b14fd0S08WGfp","action":"Commit Request", "result":"", "context":Item count: 2
Contributing types: Sessions}
{"logTime": "0428/233846", "correlationVector":"xTELgPjR6b14fd0S08WGfp.1","action":"SyncServerConnectionManagerRequest", "result":"SYNC_SERVER_OK", "context":{"environment":"Prod_EastUS2_000e", "migrationStage":"NotStarted", "server":"GENERAL0100000P"}}
{"logTime": "0428/233846", "correlationVector":"xTELgPjR6b14fd0S08WGfp.3","action":"Commit.Sessions", "result":"Success", "context":{"id":"e0806aed-a68f-41fe-b4fa-2b55d5b7b81f", "isDeleted":"true", "size":"0", "version":"1714347496958"}}
{"logTime": "0428/233846", "correlationVector":"xTELgPjR6b14fd0S08WGfp.2","action":"Commit Response", "result":"Success", "context":Result: Success. cV=xTELgPjR6b14fd0S08WGfp.0;server=GENERAL0100000P;cloudType=Consumer;environment=Prod_EastUS2_000e;migrationStage=NotStarted}
{"logTime": "0428/234019", "correlationVector":"2zjX52v2YQZpVU/3m7qM1Q","action":"Commit Request", "result":"", "context":Item count: 1
Contributing types: Sessions}
{"logTime": "0428/234019", "correlationVector":"2zjX52v2YQZpVU/3m7qM1Q.1","action":"SyncServerConnectionManagerRequest", "result":"SYNC_SERVER_OK", "context":{"environment":"Prod_EastUS2_000e", "migrationStage":"NotStarted", "server":"GENERAL0100001D"}}
{"logTime": "0428/234019", "correlationVector":"2zjX52v2YQZpVU/3m7qM1Q.2","action":"Commit Response", "result":"Success", "context":Result: Success. cV=2zjX52v2YQZpVU/3m7qM1Q.0;server=GENERAL0100001D;cloudType=Consumer;environment=Prod_EastUS2_000e;migrationStage=NotStarted}
{"logTime": "0428/234312", "correlationVector":"G3ioEm1cLxcoBhavR47Nny","action":"Normal GetUpdate request", "result":"", "context":cV=G3ioEm1cLxcoBhavR47Nny
Refresh requested types: Bookmarks, Preferences, Passwords, Autofill Profiles, Autofill, Typed URLs, Extensions, Sessions, Extension settings, History Delete Directives, Device Info, User Consents, Send Tab To Self, Web Apps, Collection, Edge E Drop, Edge Hub App Usage, Edge Tab Group, Edge Wallet, Encryption Keys}
{"logTime": "0428/234313", "correlationVector":"G3ioEm1cLxcoBhavR47Nny.1","action":"SyncServerConnectionManagerRequest", "result":"SYNC_SERVER_OK", "context":{"environment":"Prod_EastUS2_000e", "migrationStage":"NotStarted", "server":"GENERAL0100001X"}}
{"logTime": "0428/234313", "correlationVector":"G3ioEm1cLxcoBhavR47Nny.2","action":"GetUpdates", "result":"DeleteReceived", "context":{"id":"e0806aed-a68f-41fe-b4fa-2b55d5b7b81f", "isDeleted:":"true", "version":"1714347527783"}}
{"logTime": "0428/234313", "correlationVector":"G3ioEm1cLxcoBhavR47Nny.3","action":"GetUpdates Response", "result":"Success", "context":Received 5 update(s). cV=G3ioEm1cLxcoBhavR47Nny.0;server=GENERAL0100001X;cloudType=Consumer;environment=Prod_EastUS2_000e;migrationStage=NotStarted}
{"logTime": "0428/234700", "correlationVector":"8btmcxgdywXiR+eMnE43QV","action":"Commit Request", "result":"", "context":Item count: 1
Contributing types: Sessions}
{"logTime": "0428/234701", "correlationVector":"8btmcxgdywXiR+eMnE43QV.1","action":"SyncServerConnectionManagerRequest", "result":"SYNC_SERVER_OK", "context":{"environment":"Prod_EastUS2_000e", "migrationStage":"NotStarted", "server":"GENERAL01000019"}}
{"logTime": "0428/234701", "correlationVector":"8btmcxgdywXiR+eMnE43QV.2","action":"Commit Response", "result":"Success", "context":Result: Success. cV=8btmcxgdywXiR+eMnE43QV.0;server=GENERAL01000019;cloudType=Consumer;environment=Prod_EastUS2_000e;migrationStage=NotStarted}
{"logTime": "0428/234753", "correlationVector":"YeHotituWzw4bcZtkuhaGV","action":"Commit Request", "result":"", "context":Item count: 1
Contributing types: Sessions}
{"logTime": "0428/234754", "correlationVector":"YeHotituWzw4bcZtkuhaGV.1","action":"SyncServerConnectionManagerRequest", "result":"SYNC_SERVER_OK", "context":{"environment":"Prod_EastUS2_000e", "migrationStage":"NotStarted", "server":"GENERAL01000029"}}
{"logTime": "0428/234754", "correlationVector":"YeHotituWzw4bcZtkuhaGV.2","action":"Commit Response", "result":"Success", "context":Result: Success. cV=YeHotituWzw4bcZtkuhaGV.0;server=GENERAL01000029;cloudType=Consumer;environment=Prod_EastUS2_000e;migrationStage=NotStarted}
{"logTime": "0428/234906", "correlationVector":"YHTlbjjD8dLV7rdmedA4qg","action":"Commit Request", "result":"", "context":Item count: 1
Contributing types: Sessions}
{"logTime": "0428/234906", "correlationVector":"YHTlbjjD8dLV7rdmedA4qg.1","action":"SyncServerConnectionManagerRequest", "result":"SYNC_SERVER_OK", "context":{"environment":"Prod_EastUS2_000e", "migrationStage":"NotStarted", "server":"GENERAL01000024"}}
{"logTime": "0428/234906", "correlationVector":"YHTlbjjD8dLV7rdmedA4qg.2","action":"Commit Response", "result":"Success", "context":Result: Success. cV=YHTlbjjD8dLV7rdmedA4qg.0;server=GENERAL01000024;cloudType=Consumer;environment=Prod_EastUS2_000e;migrationStage=NotStarted}
{"logTime": "0428/235043", "correlationVector":"TTytPPNFRLsWds1ESuPB6m","action":"Commit Request", "result":"", "context":Item count: 1
Contributing types: Sessions}
{"logTime": "0428/235043", "correlationVector":"TTytPPNFRLsWds1ESuPB6m.1","action":"SyncServerConnectionManagerRequest", "result":"SYNC_SERVER_OK", "context":{"environment":"Prod_EastUS2_000e", "migrationStage":"NotStarted", "server":"GENERAL01000017"}}
{"logTime": "0428/235043", "correlationVector":"TTytPPNFRLsWds1ESuPB6m.2","action":"Commit Response", "result":"Success", "context":Result: Success. cV=TTytPPNFRLsWds1ESuPB6m.0;server=GENERAL01000017;cloudType=Consumer;environment=Prod_EastUS2_000e;migrationStage=NotStarted}
{"logTime": "0428/235417", "correlationVector":"L9ZnckRkk8roK73WV3C0xm","action":"Commit Request", "result":"", "context":Item count: 1
Contributing types: Sessions}
{"logTime": "0428/235418", "correlationVector":"L9ZnckRkk8roK73WV3C0xm.1","action":"SyncServerConnectionManagerRequest", "result":"SYNC_SERVER_OK", "context":{"environment":"Prod_EastUS2_000e", "migrationStage":"NotStarted", "server":"GENERAL01000034"}}
{"logTime": "0428/235418", "correlationVector":"L9ZnckRkk8roK73WV3C0xm.2","action":"Commit Response", "result":"Success", "context":Result: Success. cV=L9ZnckRkk8roK73WV3C0xm.0;server=GENERAL01000034;cloudType=Consumer;environment=Prod_EastUS2_000e;migrationStage=NotStarted}
{"logTime": "0428/235655", "correlationVector":"4lfI0E4G324Xnf7Krcmiem","action":"Commit Request", "result":"", "context":Item count: 1
Contributing types: Sessions}
{"logTime": "0428/235656", "correlationVector":"4lfI0E4G324Xnf7Krcmiem.1","action":"SyncServerConnectionManagerRequest", "result":"SYNC_SERVER_OK", "context":{"environment":"Prod_EastUS2_000e", "migrationStage":"NotStarted", "server":"general01000030"}}
{"logTime": "0428/235656", "correlationVector":"4lfI0E4G324Xnf7Krcmiem.2","action":"Commit Response", "result":"Success", "context":Result: Success. cV=4lfI0E4G324Xnf7Krcmiem.0;server=general01000030;cloudType=Consumer;environment=Prod_EastUS2_000e;migrationStage=NotStarted}
{"logTime": "0428/235733", "correlationVector":"21jUoKsWcKsXb3exZn8YWn.1","action":"SyncServerConnectionManagerRequest", "result":"SYNC_SERVER_OK", "context":{"environment":"Prod_EastUS2_000e", "migrationStage":"NotStarted", "server":"general0100000F"}}
{"logTime": "0428/235733", "correlationVector":"21jUoKsWcKsXb3exZn8YWn","action":"Initial GetUpdates", "result":"", "context":Reason: NEW_CLIENT. cV=21jUoKsWcKsXb3exZn8YWn}
{"logTime": "0428/235733", "correlationVector":"21jUoKsWcKsXb3exZn8YWn.2","action":"GetUpdates Response", "result":"Success", "context":Received 1 update(s). cV=21jUoKsWcKsXb3exZn8YWn.0;server=general0100000F;cloudType=Consumer;environment=Prod_EastUS2_000e;migrationStage=NotStarted}
{"logTime": "0428/235733", "correlationVector":"jFu+6GyS/Uuxv0cwDWaH6M","action":"SyncServerConnectionManagerRequest", "result":"SYNC_SERVER_OK", "context":{"environment":"", "migrationStage":"", "server":""}}
{"logTime": "0428/235733", "correlationVector":"nVkJK4HmO42mR444hYJxQS","action":"Initial GetUpdates", "result":"", "context":Reason: NEWLY_SUPPORTED_DATATYPE. cV=nVkJK4HmO42mR444hYJxQS}
{"logTime": "0428/235733", "correlationVector":"nVkJK4HmO42mR444hYJxQS.1","action":"SyncServerConnectionManagerRequest", "result":"SYNC_SERVER_OK", "context":{"environment":"Prod_EastUS2_000e", "migrationStage":"NotStarted", "server":"GENERAL0100000P"}}
{"logTime": "0428/235733", "correlationVector":"nVkJK4HmO42mR444hYJxQS.2","action":"GetUpdates Response", "result":"Success", "context":Received 0 update(s). cV=nVkJK4HmO42mR444hYJxQS.0;server=GENERAL0100000P;cloudType=Consumer;environment=Prod_EastUS2_000e;migrationStage=NotStarted}
{"logTime": "0428/235733", "correlationVector":"Y/4XkGQV4P0pO7X+DoxMwt","action":"Normal GetUpdate request", "result":"", "context":cV=Y/4XkGQV4P0pO7X+DoxMwt
Nudged types: Sessions
Refresh requested types: Bookmarks, Preferences, Passwords, Autofill Profiles, Autofill, Typed URLs, Extensions, Sessions, Extension settings, History Delete Directives, Device Info, User Consents, Send Tab To Self, Web Apps, Collection, Edge E Drop, Edge Hub App Usage, Edge Tab Group, Edge Wallet, Encryption Keys}
{"logTime": "0428/235733", "correlationVector":"Y/4XkGQV4P0pO7X+DoxMwt.1","action":"SyncServerConnectionManagerRequest", "result":"SYNC_SERVER_OK", "context":{"environment":"Prod_EastUS2_000e", "migrationStage":"NotStarted", "server":"GENERAL0100002V"}}
{"logTime": "0428/235733", "correlationVector":"Y/4XkGQV4P0pO7X+DoxMwt.2","action":"GetUpdates", "result":"DeleteReceived", "context":{"id":"f2794d91-5dae-44bb-9924-a9427a07bede", "isDeleted:":"true", "version":"1714347941175"}}
{"logTime": "0428/235733", "correlationVector":"Y/4XkGQV4P0pO7X+DoxMwt.3","action":"GetUpdates", "result":"DeleteReceived", "context":{"id":"dbcc259e-5494-4b27-b9c4-0f35352f93cc", "isDeleted:":"true", "version":"1714348332897"}}
{"logTime": "0428/235733", "correlationVector":"Y/4XkGQV4P0pO7X+DoxMwt.4","action":"GetUpdates Response", "result":"Success", "context":Received 8 update(s). cV=Y/4XkGQV4P0pO7X+DoxMwt.0;server=GENERAL0100002V;cloudType=Consumer;environment=Prod_EastUS2_000e;migrationStage=NotStarted}
{"logTime": "0428/235733", "correlationVector":"vsrmaxe8WU1kdizck2X0gw","action":"Commit Request", "result":"", "context":Item count: 3
Contributing types: Sessions}
{"logTime": "0428/235733", "correlationVector":"vsrmaxe8WU1kdizck2X0gw.1","action":"SyncServerConnectionManagerRequest", "result":"SYNC_SERVER_OK", "context":{"environment":"Prod_EastUS2_000e", "migrationStage":"NotStarted", "server":"general01000015"}}
{"logTime": "0428/235733", "correlationVector":"vsrmaxe8WU1kdizck2X0gw.3","action":"Commit.Sessions", "result":"Success", "context":{"id":"bb6d4793-5b3f-4be1-9869-af0346f04d93", "isDeleted":"true", "size":"0", "version":"1714348617706"}}
{"logTime": "0428/235733", "correlationVector":"vsrmaxe8WU1kdizck2X0gw.2","action":"Commit Response", "result":"Success", "context":Result: Success. cV=vsrmaxe8WU1kdizck2X0gw.0;server=general01000015;cloudType=Consumer;environment=Prod_EastUS2_000e;migrationStage=NotStarted}
{"logTime": "0428/235759", "correlationVector":"E6qyMW3bWxOReJU5GPwf0e","action":"Normal GetUpdate request", "result":"", "context":cV=E6qyMW3bWxOReJU5GPwf0e
Nudged types: Sessions}
{"logTime": "0428/235800", "correlationVector":"E6qyMW3bWxOReJU5GPwf0e.1","action":"SyncServerConnectionManagerRequest", "result":"SYNC_SERVER_OK", "context":{"environment":"Prod_EastUS2_000e", "migrationStage":"NotStarted", "server":"general01000030"}}
{"logTime": "0428/235800", "correlationVector":"E6qyMW3bWxOReJU5GPwf0e.2","action":"GetUpdates", "result":"DeleteReceived", "context":{"id":"bb6d4793-5b3f-4be1-9869-af0346f04d93", "isDeleted:":"true", "version":"1714348651144"}}
{"logTime": "0428/235800", "correlationVector":"E6qyMW3bWxOReJU5GPwf0e.3","action":"GetUpdates", "result":"DeleteReceived", "context":{"id":"6393694b-cec1-4fbf-9b25-f55db6f793c4", "isDeleted:":"true", "version":"1714348672420"}}
{"logTime": "0428/235800", "correlationVector":"E6qyMW3bWxOReJU5GPwf0e.4","action":"GetUpdates Response", "result":"Success", "context":Received 8 update(s). cV=E6qyMW3bWxOReJU5GPwf0e.0;server=general01000030;cloudType=Consumer;environment=Prod_EastUS2_000e;migrationStage=NotStarted}
{"logTime": "0428/235800", "correlationVector":"0qUIXor8ssabZqWErLVVpw","action":"Commit Request", "result":"", "context":Item count: 1
Contributing types: Sessions}
{"logTime": "0428/235800", "correlationVector":"0qUIXor8ssabZqWErLVVpw.1","action":"SyncServerConnectionManagerRequest", "result":"SYNC_SERVER_OK", "context":{"environment":"Prod_EastUS2_000e", "migrationStage":"NotStarted", "server":"GENERAL01000033"}}
{"logTime": "0428/235800", "correlationVector":"0qUIXor8ssabZqWErLVVpw.2","action":"Commit Response", "result":"Success", "context":Result: Success. cV=0qUIXor8ssabZqWErLVVpw.0;server=GENERAL01000033;cloudType=Consumer;environment=Prod_EastUS2_000e;migrationStage=NotStarted}
{"logTime": "0428/235943", "correlationVector":"F5zYXZNYQeSv4jEcUJU4oc","action":"Normal GetUpdate request", "result":"", "context":cV=F5zYXZNYQeSv4jEcUJU4oc
Notified types: Typed URLs}
{"logTime": "0428/235944", "correlationVector":"F5zYXZNYQeSv4jEcUJU4oc.1","action":"SyncServerConnectionManagerRequest", "result":"SYNC_SERVER_OK", "context":{"environment":"Prod_EastUS2_000e", "migrationStage":"NotStarted", "server":"GENERAL0100002U"}}
{"logTime": "0428/235944", "correlationVector":"F5zYXZNYQeSv4jEcUJU4oc.2","action":"GetUpdates", "result":"DeleteReceived", "context":{"id":"c7b9e382-5551-4d3a-b849-360a63d8b1c3", "isDeleted:":"true", "version":"1714348784616"}}
{"logTime": "0428/235944", "correlationVector":"F5zYXZNYQeSv4jEcUJU4oc.3","action":"GetUpdates Response", "result":"Success", "context":Received 7 update(s). cV=F5zYXZNYQeSv4jEcUJU4oc.0;server=GENERAL0100002U;cloudType=Consumer;environment=Prod_EastUS2_000e;migrationStage=NotStarted}
